SF:lib/data/repository/remote/auth/auth_repository_remote.dart
DA:13,2
DA:15,2
DA:17,4
DA:18,2
DA:21,2
DA:22,2
DA:23,4
DA:27,1
DA:29,1
DA:30,1
DA:32,1
DA:33,2
DA:34,2
LF:13
LH:13
end_of_record
SF:lib/data/data_source/dto/session/session_dto.dart
DA:16,1
DA:17,1
LF:2
LH:2
end_of_record
SF:lib/data/data_source/dto/session/session_dto.g.dart
DA:9,2
DA:10,1
DA:11,1
DA:12,1
DA:13,1
DA:16,1
DA:17,1
DA:18,1
DA:19,1
DA:20,1
DA:21,1
LF:11
LH:11
end_of_record
SF:lib/data/data_source/api/api_response.dart
DA:2,4
DA:14,2
DA:16,3
DA:23,6
DA:24,1
DA:33,4
DA:39,4
DA:46,16
DA:47,1
LF:9
LH:9
end_of_record
SF:lib/data/repository/entity/session/session.dart
DA:9,3
DA:16,1
DA:17,5
LF:3
LH:3
end_of_record
SF:lib/data/repository/entity/user/user_credentials.dart
DA:4,4
DA:9,1
DA:10,3
DA:12,2
DA:13,4
DA:16,2
DA:19,4
DA:25,2
DA:26,4
LF:9
LH:9
end_of_record
SF:lib/data/data_source/dto/user/user_credentials_dto.dart
DA:10,5
DA:12,1
DA:13,1
DA:15,6
LF:4
LH:4
end_of_record
SF:lib/data/data_source/dto/user/user_credentials_dto.g.dart
DA:9,1
DA:10,1
DA:11,1
DA:12,1
DA:15,3
DA:16,9
LF:6
LH:6
end_of_record
SF:lib/data/repository/mappers/user_credentials_mapper.dart
DA:5,1
DA:6,3
DA:11,3
DA:12,9
LF:4
LH:4
end_of_record
SF:lib/data/services/auth/auth_service.g.dart
DA:14,2
DA:22,2
DA:26,2
DA:27,2
DA:28,2
DA:29,2
DA:30,4
DA:31,2
DA:32,2
DA:33,2
DA:34,4
DA:39,12
DA:41,4
DA:44,0
DA:46,0
DA:52,1
DA:54,1
DA:55,1
DA:56,1
DA:57,1
DA:58,1
DA:59,1
DA:60,1
DA:61,1
DA:62,2
DA:67,6
DA:69,2
DA:72,0
DA:74,0
DA:80,2
DA:81,2
DA:82,4
DA:83,4
DA:84,2
DA:85,0
DA:87,2
DA:93,2
DA:94,0
DA:98,0
DA:100,0
DA:101,0
DA:104,0
LF:42
LH:32
end_of_record
SF:lib/data/repository/mappers/session_mapper.dart
DA:5,2
DA:6,10
DA:11,1
DA:12,1
DA:13,1
DA:14,1
DA:15,1
DA:16,1
LF:8
LH:8
end_of_record
SF:lib/data/data_source/api/mixin/api_response_handler_mixin.dart
DA:5,3
DA:8,1
DA:9,3
DA:11,8
DA:12,4
DA:13,2
DA:14,3
DA:15,5
DA:16,2
DA:17,4
DA:20,3
DA:21,1
DA:22,1
DA:25,3
DA:26,1
DA:27,1
DA:30,3
DA:31,1
DA:32,1
DA:35,3
DA:36,1
DA:37,1
DA:40,3
DA:41,1
DA:42,1
DA:45,3
DA:46,1
DA:47,1
DA:50,4
DA:51,2
DA:52,2
LF:31
LH:31
end_of_record
SF:lib/data/data_source/remote/auth/auth_data_source_remote.dart
DA:15,4
DA:17,2
DA:19,2
DA:20,4
DA:24,1
DA:26,3
LF:6
LH:6
end_of_record
SF:lib/presentation/login/view_model/login_view_model.dart
DA:10,2
DA:11,3
DA:16,1
DA:18,2
DA:19,3
DA:21,1
DA:24,1
DA:25,1
DA:27,3
DA:29,3
DA:32,1
DA:33,1
DA:34,3
DA:37,3
DA:40,1
DA:41,3
DA:42,1
DA:43,5
DA:45,1
DA:46,0
DA:47,0
DA:48,4
DA:49,0
DA:52,1
DA:55,1
DA:56,3
DA:59,1
DA:60,3
LF:28
LH:25
end_of_record
SF:lib/application/networking/networking.dart
DA:4,3
DA:5,0
DA:7,1
DA:8,2
DA:9,1
DA:17,2
LF:6
LH:5
end_of_record
SF:lib/presentation/login/view_model/state/login_state.dart
DA:8,2
DA:14,2
DA:19,2
DA:20,2
DA:21,2
DA:22,2
LF:6
LH:6
end_of_record
SF:lib/presentation/design_system/components/button.dart
DA:9,1
DA:16,1
DA:18,1
DA:19,2
DA:20,1
DA:21,1
DA:22,1
DA:25,1
DA:26,2
DA:29,1
DA:31,1
DA:32,1
DA:33,1
DA:36,2
DA:37,1
DA:38,1
LF:16
LH:16
end_of_record
SF:lib/presentation/design_system/components/input.dart
DA:11,1
DA:21,1
DA:22,1
DA:28,1
DA:30,1
DA:31,2
DA:34,1
DA:36,2
DA:37,1
DA:40,1
DA:42,1
DA:43,1
DA:44,2
DA:45,2
DA:46,2
DA:47,2
DA:48,1
DA:49,1
DA:50,2
DA:53,3
DA:54,2
DA:56,1
DA:57,1
LF:23
LH:23
end_of_record
